e:\ebook\linux\ref\cserver\code\14\myftp\myftp\debug\myftp.bsc
e:\ebook\linux\ref\cserver\code\14\14.2\ftp客户端\myftp\myftp\debug\myftp.bsc
e:\ebook\linux\ref\cserver\code\14\myftp\myftp\debug\myftp.pch
e:\ebook\linux\ref\cserver\code\14\myftp\myftp\debug\vc141.pdb
e:\ebook\linux\ref\cserver\code\14\myftp\myftp\debug\vc141.idb
e:\ebook\linux\ref\cserver\code\14\myftp\myftp\debug\stdafx.sbr
e:\ebook\linux\ref\cserver\code\14\myftp\myftp\debug\stdafx.obj
e:\ebook\linux\ref\cserver\code\14\myftp\myftp\debug\newnamedlg.sbr
e:\ebook\linux\ref\cserver\code\14\myftp\myftp\debug\myftpview.sbr
e:\ebook\linux\ref\cserver\code\14\myftp\myftp\debug\myftpdoc.sbr
e:\ebook\linux\ref\cserver\code\14\myftp\myftp\debug\myftp.sbr
e:\ebook\linux\ref\cserver\code\14\myftp\myftp\debug\mainfrm.sbr
e:\ebook\linux\ref\cserver\code\14\myftp\myftp\debug\ftpdlg.sbr
e:\ebook\linux\ref\cserver\code\14\myftp\myftp\debug\connectdlg.sbr
e:\ebook\linux\ref\cserver\code\14\myftp\myftp\debug\connectdlg.obj
e:\ebook\linux\ref\cserver\code\14\myftp\myftp\debug\ftpdlg.obj
e:\ebook\linux\ref\cserver\code\14\myftp\myftp\debug\mainfrm.obj
e:\ebook\linux\ref\cserver\code\14\myftp\myftp\debug\myftp.obj
e:\ebook\linux\ref\cserver\code\14\myftp\myftp\debug\myftpdoc.obj
e:\ebook\linux\ref\cserver\code\14\myftp\myftp\debug\myftpview.obj
e:\ebook\linux\ref\cserver\code\14\myftp\myftp\debug\newnamedlg.obj
e:\ebook\linux\ref\cserver\code\14\14.2\ftp客户端\myftp\myftp\debug\myftp.pch
e:\ebook\linux\ref\cserver\code\14\14.2\ftp客户端\myftp\myftp\debug\vc141.pdb
e:\ebook\linux\ref\cserver\code\14\14.2\ftp客户端\myftp\myftp\debug\vc141.idb
e:\ebook\linux\ref\cserver\code\14\14.2\ftp客户端\myftp\myftp\debug\stdafx.sbr
e:\ebook\linux\ref\cserver\code\14\14.2\ftp客户端\myftp\myftp\debug\stdafx.obj
e:\ebook\linux\ref\cserver\code\14\14.2\ftp客户端\myftp\myftp\debug\newnamedlg.sbr
e:\ebook\linux\ref\cserver\code\14\14.2\ftp客户端\myftp\myftp\debug\myftpview.sbr
e:\ebook\linux\ref\cserver\code\14\14.2\ftp客户端\myftp\myftp\debug\myftpdoc.sbr
e:\ebook\linux\ref\cserver\code\14\14.2\ftp客户端\myftp\myftp\debug\myftp.sbr
e:\ebook\linux\ref\cserver\code\14\14.2\ftp客户端\myftp\myftp\debug\mainfrm.sbr
e:\ebook\linux\ref\cserver\code\14\14.2\ftp客户端\myftp\myftp\debug\ftpdlg.sbr
e:\ebook\linux\ref\cserver\code\14\14.2\ftp客户端\myftp\myftp\debug\connectdlg.sbr
e:\ebook\linux\ref\cserver\code\14\14.2\ftp客户端\myftp\myftp\debug\connectdlg.obj
e:\ebook\linux\ref\cserver\code\14\14.2\ftp客户端\myftp\myftp\debug\ftpdlg.obj
e:\ebook\linux\ref\cserver\code\14\14.2\ftp客户端\myftp\myftp\debug\mainfrm.obj
e:\ebook\linux\ref\cserver\code\14\14.2\ftp客户端\myftp\myftp\debug\myftp.obj
e:\ebook\linux\ref\cserver\code\14\14.2\ftp客户端\myftp\myftp\debug\myftpdoc.obj
e:\ebook\linux\ref\cserver\code\14\14.2\ftp客户端\myftp\myftp\debug\myftpview.obj
e:\ebook\linux\ref\cserver\code\14\14.2\ftp客户端\myftp\myftp\debug\newnamedlg.obj
e:\ebook\linux\ref\cserver\code\14\myftp\myftp\debug\myftp.exe
e:\ebook\linux\ref\cserver\code\14\myftp\myftp\debug\myftp.ilk
e:\ebook\linux\ref\cserver\code\14\myftp\myftp\debug\myftp.pdb
e:\ebook\linux\ref\cserver\code\14\14.2\ftp客户端\myftp\myftp\debug\myftp.exe
e:\ebook\linux\ref\cserver\code\14\14.2\ftp客户端\myftp\myftp\debug\myftp.ilk
e:\ebook\linux\ref\cserver\code\14\14.2\ftp客户端\myftp\myftp\debug\myftp.pdb
e:\ebook\linux\ref\cserver\code\14\myftp\myftp\debug\myftp.res
e:\ebook\linux\ref\cserver\code\14\14.2\ftp客户端\myftp\myftp\debug\myftp.res
e:\ebook\linux\ref\cserver\code\14\14.2\ftp客户端\myftp\myftp\.\debug\myftp.exe
e:\ebook\linux\ref\cserver\code\14\14.2\ftp客户端\myftp\myftp\debug\myftp.tlog\bscmake.command.1.tlog
e:\ebook\linux\ref\cserver\code\14\14.2\ftp客户端\myftp\myftp\debug\myftp.tlog\bscmake.read.1.tlog
e:\ebook\linux\ref\cserver\code\14\14.2\ftp客户端\myftp\myftp\debug\myftp.tlog\bscmake.write.1.tlog
e:\ebook\linux\ref\cserver\code\14\14.2\ftp客户端\myftp\myftp\debug\myftp.tlog\cl.command.1.tlog
e:\ebook\linux\ref\cserver\code\14\14.2\ftp客户端\myftp\myftp\debug\myftp.tlog\cl.read.1.tlog
e:\ebook\linux\ref\cserver\code\14\14.2\ftp客户端\myftp\myftp\debug\myftp.tlog\cl.write.1.tlog
e:\ebook\linux\ref\cserver\code\14\14.2\ftp客户端\myftp\myftp\debug\myftp.tlog\link.command.1.tlog
e:\ebook\linux\ref\cserver\code\14\14.2\ftp客户端\myftp\myftp\debug\myftp.tlog\link.read.1.tlog
e:\ebook\linux\ref\cserver\code\14\14.2\ftp客户端\myftp\myftp\debug\myftp.tlog\link.write.1.tlog
e:\ebook\linux\ref\cserver\code\14\14.2\ftp客户端\myftp\myftp\debug\myftp.tlog\rc.command.1.tlog
e:\ebook\linux\ref\cserver\code\14\14.2\ftp客户端\myftp\myftp\debug\myftp.tlog\rc.read.1.tlog
e:\ebook\linux\ref\cserver\code\14\14.2\ftp客户端\myftp\myftp\debug\myftp.tlog\rc.write.1.tlog
